{
  "/Users/ricf/git/node-web/public/js/vendor.js": {
    "path": "/Users/ricf/git/node-web/public/js/vendor.js",
    "statementMap": {},
    "fnMap": {},
    "branchMap": {},
    "s": {},
    "f": {},
    "b": {}
  },
  "/Users/ricf/git/node-web/public/js/app/app.jsx": {
    "path": "/Users/ricf/git/node-web/public/js/app/app.jsx",
    "statementMap": {
      "0": { "start": { "line": 21, "column": 0 }, "end": { "line": 21, "column": 21 } },
      "1": { "start": { "line": 24, "column": 23 }, "end": { "line": 24, "column": 52 } },
      "2": { "start": { "line": 25, "column": 2 }, "end": { "line": 27, "column": 3 } },
      "3": { "start": { "line": 26, "column": 4 }, "end": { "line": 26, "column": 10 } },
      "4": { "start": { "line": 29, "column": 21 }, "end": { "line": 29, "column": 23 } },
      "5": { "start": { "line": 30, "column": 2 }, "end": { "line": 30, "column": 28 } },
      "6": { "start": { "line": 32, "column": 23 }, "end": { "line": 32, "column": 25 } },
      "7": { "start": { "line": 33, "column": 2 }, "end": { "line": 33, "column": 39 } },
      "8": { "start": { "line": 35, "column": 19 }, "end": { "line": 35, "column": 49 } },
      "9": { "start": { "line": 37, "column": 14 }, "end": { "line": 37, "column": 107 } },
      "10": { "start": { "line": 39, "column": 21 }, "end": { "line": 39, "column": 51 } },
      "11": { "start": { "line": 40, "column": 2 }, "end": { "line": 40, "column": 35 } },
      "12": { "start": { "line": 44, "column": 2 }, "end": { "line": 61, "column": 3 } }
    },
    "fnMap": {
      "0": {
        "name": "_renderOnClientSide",
        "decl": { "start": { "line": 23, "column": 9 }, "end": { "line": 23, "column": 28 } },
        "loc": { "start": { "line": 23, "column": 31 }, "end": { "line": 41, "column": 1 } },
        "line": 23
      },
      "1": {
        "name": "appFactory",
        "decl": { "start": { "line": 43, "column": 9 }, "end": { "line": 43, "column": 19 } },
        "loc": { "start": { "line": 43, "column": 61 }, "end": { "line": 62, "column": 1 } },
        "line": 43
      }
    },
    "branchMap": {
      "0": {
        "loc": { "start": { "line": 25, "column": 2 }, "end": { "line": 27, "column": 3 } },
        "type": "if",
        "locations": [
          { "start": { "line": 25, "column": 2 }, "end": { "line": 27, "column": 3 } },
          { "start": {}, "end": {} }
        ],
        "line": 25
      }
    },
    "s": { "0": 0, "1": 0, "2": 0, "3": 0, "4": 0, "5": 0, "6": 0, "7": 0, "8": 0, "9": 0, "10": 0, "11": 0, "12": 0 },
    "f": { "0": 0, "1": 0 },
    "b": { "0": [0, 0] }
  },
  "/Users/ricf/git/node-web/public/js/app/ssr-app.js": {
    "path": "/Users/ricf/git/node-web/public/js/app/ssr-app.js",
    "statementMap": {
      "0": { "start": { "line": 16, "column": 2 }, "end": { "line": 30, "column": 3 } },
      "1": { "start": { "line": 18, "column": 19 }, "end": { "line": 18, "column": 45 } },
      "2": { "start": { "line": 19, "column": 6 }, "end": { "line": 19, "column": 17 } },
      "3": { "start": { "line": 23, "column": 8 }, "end": { "line": 25, "column": 23 } },
      "4": { "start": { "line": 28, "column": 6 }, "end": { "line": 28, "column": 47 } }
    },
    "fnMap": {
      "0": {
        "name": "_getServerSideFunctions",
        "decl": { "start": { "line": 15, "column": 9 }, "end": { "line": 15, "column": 32 } },
        "loc": { "start": { "line": 15, "column": 35 }, "end": { "line": 31, "column": 1 } },
        "line": 15
      },
      "1": {
        "name": "(anonymous_1)",
        "decl": { "start": { "line": 17, "column": 4 }, "end": { "line": 17, "column": 5 } },
        "loc": { "start": { "line": 17, "column": 36 }, "end": { "line": 20, "column": 5 } },
        "line": 17
      },
      "2": {
        "name": "(anonymous_2)",
        "decl": { "start": { "line": 21, "column": 4 }, "end": { "line": 21, "column": 5 } },
        "loc": { "start": { "line": 21, "column": 72 }, "end": { "line": 29, "column": 5 } },
        "line": 21
      }
    },
    "branchMap": {},
    "s": { "0": 0, "1": 0, "2": 0, "3": 0, "4": 0 },
    "f": { "0": 0, "1": 0, "2": 0 },
    "b": {}
  },
  "/Users/ricf/git/node-web/public/js/app/components/Button.jsx": {
    "path": "/Users/ricf/git/node-web/public/js/app/components/Button.jsx",
    "statementMap": {
      "0": { "start": { "line": 6, "column": 44 }, "end": { "line": 6, "column": 59 } },
      "1": { "start": { "line": 7, "column": 18 }, "end": { "line": 7, "column": 45 } },
      "2": { "start": { "line": 8, "column": 2 }, "end": { "line": 15, "column": 3 } },
      "3": { "start": { "line": 10, "column": 71 }, "end": { "line": 10, "column": 84 } }
    },
    "fnMap": {
      "0": {
        "name": "Button",
        "decl": { "start": { "line": 5, "column": 9 }, "end": { "line": 5, "column": 15 } },
        "loc": { "start": { "line": 5, "column": 66 }, "end": { "line": 16, "column": 1 } },
        "line": 5
      },
      "1": {
        "name": "(anonymous_1)",
        "decl": { "start": { "line": 10, "column": 65 }, "end": { "line": 10, "column": 66 } },
        "loc": { "start": { "line": 10, "column": 71 }, "end": { "line": 10, "column": 84 } },
        "line": 10
      }
    },
    "branchMap": {
      "0": {
        "loc": { "start": { "line": 5, "column": 18 }, "end": { "line": 5, "column": 33 } },
        "type": "default-arg",
        "locations": [{ "start": { "line": 5, "column": 28 }, "end": { "line": 5, "column": 33 } }],
        "line": 5
      },
      "1": {
        "loc": { "start": { "line": 5, "column": 35 }, "end": { "line": 5, "column": 46 } },
        "type": "default-arg",
        "locations": [{ "start": { "line": 5, "column": 42 }, "end": { "line": 5, "column": 46 } }],
        "line": 5
      },
      "2": {
        "loc": { "start": { "line": 5, "column": 48 }, "end": { "line": 5, "column": 62 } },
        "type": "default-arg",
        "locations": [{ "start": { "line": 5, "column": 58 }, "end": { "line": 5, "column": 62 } }],
        "line": 5
      },
      "3": {
        "loc": { "start": { "line": 7, "column": 18 }, "end": { "line": 7, "column": 45 } },
        "type": "binary-expr",
        "locations": [
          { "start": { "line": 7, "column": 18 }, "end": { "line": 7, "column": 25 } },
          { "start": { "line": 7, "column": 29 }, "end": { "line": 7, "column": 45 } }
        ],
        "line": 7
      },
      "4": {
        "loc": { "start": { "line": 13, "column": 7 }, "end": { "line": 13, "column": 82 } },
        "type": "cond-expr",
        "locations": [
          { "start": { "line": 13, "column": 23 }, "end": { "line": 13, "column": 75 } },
          { "start": { "line": 13, "column": 78 }, "end": { "line": 13, "column": 82 } }
        ],
        "line": 13
      }
    },
    "s": { "0": 6, "1": 6, "2": 6, "3": 3 },
    "f": { "0": 6, "1": 3 },
    "b": { "0": [0], "1": [6], "2": [6], "3": [6, 6], "4": [3, 3] },
    "_coverageSchema": "1a1c01bbd47fc00a2c39e90264f33305004495a9",
    "hash": "18e122f99ea764910605b1006efe0d6277c19afb"
  },
  "/Users/ricf/git/node-web/public/js/app/context/AdminContext.jsx": {
    "path": "/Users/ricf/git/node-web/public/js/app/context/AdminContext.jsx",
    "statementMap": {
      "0": { "start": { "line": 3, "column": 21 }, "end": { "line": 3, "column": 42 } },
      "1": { "start": { "line": 4, "column": 22 }, "end": { "line": 6, "column": 1 } },
      "2": { "start": { "line": 8, "column": 36 }, "end": { "line": 25, "column": 1 } },
      "3": { "start": { "line": 9, "column": 28 }, "end": { "line": 9, "column": 33 } },
      "4": { "start": { "line": 10, "column": 17 }, "end": { "line": 10, "column": 37 } },
      "5": { "start": { "line": 11, "column": 2 }, "end": { "line": 19, "column": 3 } },
      "6": { "start": { "line": 12, "column": 4 }, "end": { "line": 18, "column": 5 } },
      "7": { "start": { "line": 13, "column": 6 }, "end": { "line": 17, "column": 7 } },
      "8": { "start": { "line": 14, "column": 8 }, "end": { "line": 14, "column": 59 } },
      "9": { "start": { "line": 16, "column": 8 }, "end": { "line": 16, "column": 31 } },
      "10": { "start": { "line": 21, "column": 37 }, "end": { "line": 21, "column": 59 } },
      "11": { "start": { "line": 22, "column": 16 }, "end": { "line": 22, "column": 42 } },
      "12": { "start": { "line": 24, "column": 2 }, "end": { "line": 24, "column": 59 } },
      "13": { "start": { "line": 28, "column": 18 }, "end": { "line": 28, "column": 48 } },
      "14": { "start": { "line": 29, "column": 2 }, "end": { "line": 31, "column": 3 } },
      "15": { "start": { "line": 30, "column": 4 }, "end": { "line": 30, "column": 73 } },
      "16": { "start": { "line": 32, "column": 2 }, "end": { "line": 32, "column": 16 } }
    },
    "fnMap": {
      "0": {
        "name": "(anonymous_0)",
        "decl": { "start": { "line": 8, "column": 36 }, "end": { "line": 8, "column": 37 } },
        "loc": { "start": { "line": 8, "column": 45 }, "end": { "line": 25, "column": 1 } },
        "line": 8
      },
      "1": {
        "name": "useAdminContext",
        "decl": { "start": { "line": 27, "column": 16 }, "end": { "line": 27, "column": 31 } },
        "loc": { "start": { "line": 27, "column": 34 }, "end": { "line": 33, "column": 1 } },
        "line": 27
      }
    },
    "branchMap": {
      "0": {
        "loc": { "start": { "line": 9, "column": 10 }, "end": { "line": 9, "column": 23 } },
        "type": "default-arg",
        "locations": [{ "start": { "line": 9, "column": 21 }, "end": { "line": 9, "column": 23 } }],
        "line": 9
      },
      "1": {
        "loc": { "start": { "line": 12, "column": 4 }, "end": { "line": 18, "column": 5 } },
        "type": "if",
        "locations": [
          { "start": { "line": 12, "column": 4 }, "end": { "line": 18, "column": 5 } },
          { "start": {}, "end": {} }
        ],
        "line": 12
      },
      "2": {
        "loc": { "start": { "line": 13, "column": 6 }, "end": { "line": 17, "column": 7 } },
        "type": "if",
        "locations": [
          { "start": { "line": 13, "column": 6 }, "end": { "line": 17, "column": 7 } },
          { "start": { "line": 15, "column": 13 }, "end": { "line": 17, "column": 7 } }
        ],
        "line": 13
      },
      "3": {
        "loc": { "start": { "line": 29, "column": 2 }, "end": { "line": 31, "column": 3 } },
        "type": "if",
        "locations": [
          { "start": { "line": 29, "column": 2 }, "end": { "line": 31, "column": 3 } },
          { "start": {}, "end": {} }
        ],
        "line": 29
      }
    },
    "s": {
      "0": 0,
      "1": 0,
      "2": 0,
      "3": 0,
      "4": 0,
      "5": 0,
      "6": 0,
      "7": 0,
      "8": 0,
      "9": 0,
      "10": 0,
      "11": 0,
      "12": 0,
      "13": 0,
      "14": 0,
      "15": 0,
      "16": 0
    },
    "f": { "0": 0, "1": 0 },
    "b": { "0": [0], "1": [0, 0], "2": [0, 0], "3": [0, 0] }
  },
  "/Users/ricf/git/node-web/public/js/app/context/WebContext.jsx": {
    "path": "/Users/ricf/git/node-web/public/js/app/context/WebContext.jsx",
    "statementMap": {
      "0": { "start": { "line": 3, "column": 19 }, "end": { "line": 3, "column": 40 } },
      "1": { "start": { "line": 4, "column": 22 }, "end": { "line": 13, "column": 1 } },
      "2": { "start": { "line": 15, "column": 34 }, "end": { "line": 32, "column": 1 } },
      "3": { "start": { "line": 16, "column": 28 }, "end": { "line": 16, "column": 33 } },
      "4": { "start": { "line": 17, "column": 17 }, "end": { "line": 17, "column": 37 } },
      "5": { "start": { "line": 18, "column": 2 }, "end": { "line": 26, "column": 3 } },
      "6": { "start": { "line": 19, "column": 4 }, "end": { "line": 25, "column": 5 } },
      "7": { "start": { "line": 20, "column": 6 }, "end": { "line": 24, "column": 7 } },
      "8": { "start": { "line": 21, "column": 8 }, "end": { "line": 21, "column": 59 } },
      "9": { "start": { "line": 23, "column": 8 }, "end": { "line": 23, "column": 31 } },
      "10": { "start": { "line": 28, "column": 37 }, "end": { "line": 28, "column": 59 } },
      "11": { "start": { "line": 29, "column": 16 }, "end": { "line": 29, "column": 42 } },
      "12": { "start": { "line": 31, "column": 2 }, "end": { "line": 31, "column": 57 } },
      "13": { "start": { "line": 35, "column": 18 }, "end": { "line": 35, "column": 46 } },
      "14": { "start": { "line": 36, "column": 2 }, "end": { "line": 38, "column": 3 } },
      "15": { "start": { "line": 37, "column": 4 }, "end": { "line": 37, "column": 69 } },
      "16": { "start": { "line": 39, "column": 2 }, "end": { "line": 39, "column": 16 } }
    },
    "fnMap": {
      "0": {
        "name": "(anonymous_0)",
        "decl": { "start": { "line": 15, "column": 34 }, "end": { "line": 15, "column": 35 } },
        "loc": { "start": { "line": 15, "column": 43 }, "end": { "line": 32, "column": 1 } },
        "line": 15
      },
      "1": {
        "name": "useWebContext",
        "decl": { "start": { "line": 34, "column": 16 }, "end": { "line": 34, "column": 29 } },
        "loc": { "start": { "line": 34, "column": 32 }, "end": { "line": 40, "column": 1 } },
        "line": 34
      }
    },
    "branchMap": {
      "0": {
        "loc": { "start": { "line": 16, "column": 10 }, "end": { "line": 16, "column": 23 } },
        "type": "default-arg",
        "locations": [{ "start": { "line": 16, "column": 21 }, "end": { "line": 16, "column": 23 } }],
        "line": 16
      },
      "1": {
        "loc": { "start": { "line": 19, "column": 4 }, "end": { "line": 25, "column": 5 } },
        "type": "if",
        "locations": [
          { "start": { "line": 19, "column": 4 }, "end": { "line": 25, "column": 5 } },
          { "start": {}, "end": {} }
        ],
        "line": 19
      },
      "2": {
        "loc": { "start": { "line": 20, "column": 6 }, "end": { "line": 24, "column": 7 } },
        "type": "if",
        "locations": [
          { "start": { "line": 20, "column": 6 }, "end": { "line": 24, "column": 7 } },
          { "start": { "line": 22, "column": 13 }, "end": { "line": 24, "column": 7 } }
        ],
        "line": 20
      },
      "3": {
        "loc": { "start": { "line": 36, "column": 2 }, "end": { "line": 38, "column": 3 } },
        "type": "if",
        "locations": [
          { "start": { "line": 36, "column": 2 }, "end": { "line": 38, "column": 3 } },
          { "start": {}, "end": {} }
        ],
        "line": 36
      }
    },
    "s": {
      "0": 0,
      "1": 0,
      "2": 0,
      "3": 0,
      "4": 0,
      "5": 0,
      "6": 0,
      "7": 0,
      "8": 0,
      "9": 0,
      "10": 0,
      "11": 0,
      "12": 0,
      "13": 0,
      "14": 0,
      "15": 0,
      "16": 0
    },
    "f": { "0": 0, "1": 0 },
    "b": { "0": [0], "1": [0, 0], "2": [0, 0], "3": [0, 0] }
  },
  "/Users/ricf/git/node-web/public/js/app/context/compress.js": {
    "path": "/Users/ricf/git/node-web/public/js/app/context/compress.js",
    "statementMap": {
      "0": { "start": { "line": 14, "column": 25 }, "end": { "line": 14, "column": 65 } },
      "1": { "start": { "line": 16, "column": 17 }, "end": { "line": 16, "column": 76 } },
      "2": { "start": { "line": 17, "column": 2 }, "end": { "line": 17, "column": 15 } },
      "3": { "start": { "line": 33, "column": 23 }, "end": { "line": 33, "column": 52 } },
      "4": { "start": { "line": 34, "column": 2 }, "end": { "line": 38, "column": 3 } },
      "5": { "start": { "line": 36, "column": 4 }, "end": { "line": 36, "column": 72 } },
      "6": { "start": { "line": 37, "column": 4 }, "end": { "line": 37, "column": 15 } },
      "7": { "start": { "line": 40, "column": 20 }, "end": { "line": 40, "column": 57 } },
      "8": { "start": { "line": 41, "column": 28 }, "end": { "line": 41, "column": 78 } },
      "9": { "start": { "line": 42, "column": 2 }, "end": { "line": 44, "column": 3 } },
      "10": { "start": { "line": 43, "column": 4 }, "end": { "line": 43, "column": 15 } },
      "11": { "start": { "line": 46, "column": 27 }, "end": { "line": 46, "column": 68 } },
      "12": { "start": { "line": 47, "column": 20 }, "end": { "line": 47, "column": 84 } },
      "13": { "start": { "line": 48, "column": 2 }, "end": { "line": 52, "column": 3 } },
      "14": { "start": { "line": 50, "column": 4 }, "end": { "line": 50, "column": 48 } },
      "15": { "start": { "line": 51, "column": 4 }, "end": { "line": 51, "column": 15 } },
      "16": { "start": { "line": 54, "column": 19 }, "end": { "line": 54, "column": 48 } },
      "17": { "start": { "line": 55, "column": 2 }, "end": { "line": 58, "column": 4 } },
      "18": { "start": { "line": 57, "column": 4 }, "end": { "line": 57, "column": 37 } },
      "19": { "start": { "line": 59, "column": 2 }, "end": { "line": 59, "column": 13 } }
    },
    "fnMap": {
      "0": {
        "name": "compressData",
        "decl": { "start": { "line": 13, "column": 9 }, "end": { "line": 13, "column": 21 } },
        "loc": { "start": { "line": 13, "column": 45 }, "end": { "line": 18, "column": 1 } },
        "line": 13
      },
      "1": {
        "name": "uncompressData",
        "decl": { "start": { "line": 32, "column": 9 }, "end": { "line": 32, "column": 23 } },
        "loc": { "start": { "line": 32, "column": 47 }, "end": { "line": 60, "column": 1 } },
        "line": 32
      },
      "2": {
        "name": "(anonymous_2)",
        "decl": { "start": { "line": 55, "column": 19 }, "end": { "line": 55, "column": 20 } },
        "loc": { "start": { "line": 55, "column": 26 }, "end": { "line": 58, "column": 3 } },
        "line": 55
      }
    },
    "branchMap": {
      "0": {
        "loc": { "start": { "line": 13, "column": 28 }, "end": { "line": 13, "column": 43 } },
        "type": "default-arg",
        "locations": [{ "start": { "line": 13, "column": 37 }, "end": { "line": 13, "column": 43 } }],
        "line": 13
      },
      "1": {
        "loc": { "start": { "line": 32, "column": 30 }, "end": { "line": 32, "column": 45 } },
        "type": "default-arg",
        "locations": [{ "start": { "line": 32, "column": 39 }, "end": { "line": 32, "column": 45 } }],
        "line": 32
      },
      "2": {
        "loc": { "start": { "line": 34, "column": 2 }, "end": { "line": 38, "column": 3 } },
        "type": "if",
        "locations": [
          { "start": { "line": 34, "column": 2 }, "end": { "line": 38, "column": 3 } },
          { "start": {}, "end": {} }
        ],
        "line": 34
      },
      "3": {
        "loc": { "start": { "line": 41, "column": 28 }, "end": { "line": 41, "column": 78 } },
        "type": "binary-expr",
        "locations": [
          { "start": { "line": 41, "column": 28 }, "end": { "line": 41, "column": 45 } },
          { "start": { "line": 41, "column": 49 }, "end": { "line": 41, "column": 78 } }
        ],
        "line": 41
      },
      "4": {
        "loc": { "start": { "line": 42, "column": 2 }, "end": { "line": 44, "column": 3 } },
        "type": "if",
        "locations": [
          { "start": { "line": 42, "column": 2 }, "end": { "line": 44, "column": 3 } },
          { "start": {}, "end": {} }
        ],
        "line": 42
      },
      "5": {
        "loc": { "start": { "line": 47, "column": 20 }, "end": { "line": 47, "column": 84 } },
        "type": "binary-expr",
        "locations": [
          { "start": { "line": 47, "column": 20 }, "end": { "line": 47, "column": 44 } },
          { "start": { "line": 47, "column": 48 }, "end": { "line": 47, "column": 84 } }
        ],
        "line": 47
      },
      "6": {
        "loc": { "start": { "line": 48, "column": 2 }, "end": { "line": 52, "column": 3 } },
        "type": "if",
        "locations": [
          { "start": { "line": 48, "column": 2 }, "end": { "line": 52, "column": 3 } },
          { "start": {}, "end": {} }
        ],
        "line": 48
      }
    },
    "s": {
      "0": 0,
      "1": 0,
      "2": 0,
      "3": 0,
      "4": 0,
      "5": 0,
      "6": 0,
      "7": 0,
      "8": 0,
      "9": 0,
      "10": 0,
      "11": 0,
      "12": 0,
      "13": 0,
      "14": 0,
      "15": 0,
      "16": 0,
      "17": 0,
      "18": 0,
      "19": 0
    },
    "f": { "0": 0, "1": 0, "2": 0 },
    "b": { "0": [0], "1": [0], "2": [0, 0], "3": [0, 0], "4": [0, 0], "5": [0, 0], "6": [0, 0] }
  },
  "/Users/ricf/git/node-web/public/js/app/pages/AdminStart.jsx": {
    "path": "/Users/ricf/git/node-web/public/js/app/pages/AdminStart.jsx",
    "statementMap": {
      "0": { "start": { "line": 8, "column": 19 }, "end": { "line": 34, "column": 1 } },
      "1": { "start": { "line": 9, "column": 23 }, "end": { "line": 9, "column": 38 } },
      "2": { "start": { "line": 10, "column": 28 }, "end": { "line": 10, "column": 38 } },
      "3": { "start": { "line": 12, "column": 25 }, "end": { "line": 12, "column": 42 } },
      "4": { "start": { "line": 13, "column": 29 }, "end": { "line": 13, "column": 41 } },
      "5": { "start": { "line": 15, "column": 2 }, "end": { "line": 33, "column": 3 } }
    },
    "fnMap": {
      "0": {
        "name": "(anonymous_0)",
        "decl": { "start": { "line": 8, "column": 19 }, "end": { "line": 8, "column": 20 } },
        "loc": { "start": { "line": 8, "column": 25 }, "end": { "line": 34, "column": 1 } },
        "line": 8
      }
    },
    "branchMap": {
      "0": {
        "loc": { "start": { "line": 13, "column": 10 }, "end": { "line": 13, "column": 24 } },
        "type": "default-arg",
        "locations": [{ "start": { "line": 13, "column": 22 }, "end": { "line": 13, "column": 24 } }],
        "line": 13
      }
    },
    "s": { "0": 0, "1": 0, "2": 0, "3": 0, "4": 0, "5": 0 },
    "f": { "0": 0 },
    "b": { "0": [0] }
  },
  "/Users/ricf/git/node-web/public/js/app/pages/Simple.jsx": {
    "path": "/Users/ricf/git/node-web/public/js/app/pages/Simple.jsx",
    "statementMap": {
      "0": { "start": { "line": 7, "column": 19 }, "end": { "line": 16, "column": 1 } },
      "1": { "start": { "line": 8, "column": 23 }, "end": { "line": 8, "column": 38 } },
      "2": { "start": { "line": 9, "column": 19 }, "end": { "line": 9, "column": 29 } },
      "3": { "start": { "line": 10, "column": 2 }, "end": { "line": 15, "column": 3 } }
    },
    "fnMap": {
      "0": {
        "name": "(anonymous_0)",
        "decl": { "start": { "line": 7, "column": 19 }, "end": { "line": 7, "column": 20 } },
        "loc": { "start": { "line": 7, "column": 38 }, "end": { "line": 16, "column": 1 } },
        "line": 7
      }
    },
    "branchMap": {},
    "s": { "0": 0, "1": 0, "2": 0, "3": 0 },
    "f": { "0": 0 },
    "b": {}
  },
  "/Users/ricf/git/node-web/public/js/app/pages/Start.jsx": {
    "path": "/Users/ricf/git/node-web/public/js/app/pages/Start.jsx",
    "statementMap": {
      "0": { "start": { "line": 9, "column": 14 }, "end": { "line": 42, "column": 1 } },
      "1": { "start": { "line": 10, "column": 35 }, "end": { "line": 10, "column": 50 } },
      "2": { "start": { "line": 11, "column": 39 }, "end": { "line": 11, "column": 49 } },
      "3": { "start": { "line": 13, "column": 25 }, "end": { "line": 16, "column": 3 } },
      "4": { "start": { "line": 14, "column": 19 }, "end": { "line": 14, "column": 39 } },
      "5": { "start": { "line": 15, "column": 4 }, "end": { "line": 15, "column": 44 } },
      "6": { "start": { "line": 18, "column": 2 }, "end": { "line": 41, "column": 3 } }
    },
    "fnMap": {
      "0": {
        "name": "(anonymous_0)",
        "decl": { "start": { "line": 9, "column": 14 }, "end": { "line": 9, "column": 15 } },
        "loc": { "start": { "line": 9, "column": 20 }, "end": { "line": 42, "column": 1 } },
        "line": 9
      },
      "1": {
        "name": "(anonymous_1)",
        "decl": { "start": { "line": 13, "column": 25 }, "end": { "line": 13, "column": 26 } },
        "loc": { "start": { "line": 13, "column": 31 }, "end": { "line": 16, "column": 3 } },
        "line": 13
      }
    },
    "branchMap": {
      "0": {
        "loc": { "start": { "line": 11, "column": 25 }, "end": { "line": 11, "column": 34 } },
        "type": "default-arg",
        "locations": [{ "start": { "line": 11, "column": 33 }, "end": { "line": 11, "column": 34 } }],
        "line": 11
      }
    },
    "s": { "0": 0, "1": 0, "2": 0, "3": 0, "4": 0, "5": 0, "6": 0 },
    "f": { "0": 0, "1": 0 },
    "b": { "0": [0] }
  },
  "/Users/ricf/git/node-web/public/js/app/util/pathUtil.js": {
    "path": "/Users/ricf/git/node-web/public/js/app/util/pathUtil.js",
    "statementMap": {
      "0": { "start": { "line": 2, "column": 25 }, "end": { "line": 2, "column": 36 } },
      "1": { "start": { "line": 3, "column": 2 }, "end": { "line": 3, "column": 44 } },
      "2": { "start": { "line": 6, "column": 0 }, "end": { "line": 8, "column": 1 } }
    },
    "fnMap": {
      "0": {
        "name": "_addParamToPath",
        "decl": { "start": { "line": 1, "column": 9 }, "end": { "line": 1, "column": 24 } },
        "loc": { "start": { "line": 1, "column": 45 }, "end": { "line": 4, "column": 1 } },
        "line": 1
      }
    },
    "branchMap": {},
    "s": { "0": 0, "1": 0, "2": 0 },
    "f": { "0": 0 },
    "b": {}
  },
  "/Users/ricf/git/node-web/server/api.js": {
    "path": "/Users/ricf/git/node-web/server/api.js",
    "statementMap": {
      "0": { "start": { "line": 3, "column": 12 }, "end": { "line": 3, "column": 31 } },
      "1": { "start": { "line": 4, "column": 14 }, "end": { "line": 4, "column": 39 } },
      "2": { "start": { "line": 5, "column": 20 }, "end": { "line": 5, "column": 56 } },
      "3": { "start": { "line": 6, "column": 15 }, "end": { "line": 6, "column": 48 } },
      "4": { "start": { "line": 8, "column": 13 }, "end": { "line": 14, "column": 1 } },
      "5": { "start": { "line": 16, "column": 0 }, "end": { "line": 16, "column": 71 } }
    },
    "fnMap": {},
    "branchMap": {},
    "s": { "0": 4, "1": 4, "2": 4, "3": 4, "4": 4, "5": 4 },
    "f": {},
    "b": {},
    "_coverageSchema": "1a1c01bbd47fc00a2c39e90264f33305004495a9",
    "hash": "98fe03f5cfc90ff3548e8ce0f0e6893f2b95e36b"
  },
  "/Users/ricf/git/node-web/server/configuration.js": {
    "path": "/Users/ricf/git/node-web/server/configuration.js",
    "statementMap": {
      "0": { "start": { "line": 3, "column": 27 }, "end": { "line": 3, "column": 60 } },
      "1": { "start": { "line": 6, "column": 21 }, "end": { "line": 6, "column": 111 } },
      "2": { "start": { "line": 8, "column": 0 }, "end": { "line": 8, "column": 36 } },
      "3": { "start": { "line": 11, "column": 22 }, "end": { "line": 11, "column": 113 } },
      "4": { "start": { "line": 13, "column": 0 }, "end": { "line": 13, "column": 38 } }
    },
    "fnMap": {},
    "branchMap": {},
    "s": { "0": 0, "1": 0, "2": 0, "3": 0, "4": 0 },
    "f": {},
    "b": {}
  },
  "/Users/ricf/git/node-web/server/server.js": {
    "path": "/Users/ricf/git/node-web/server/server.js",
    "statementMap": {
      "0": { "start": { "line": 4, "column": 15 }, "end": { "line": 4, "column": 48 } },
      "1": { "start": { "line": 10, "column": 12 }, "end": { "line": 10, "column": 31 } },
      "2": { "start": { "line": 12, "column": 20 }, "end": { "line": 12, "column": 46 } },
      "3": { "start": { "line": 14, "column": 25 }, "end": { "line": 17, "column": 1 } },
      "4": { "start": { "line": 19, "column": 0 }, "end": { "line": 19, "column": 26 } },
      "5": { "start": { "line": 21, "column": 15 }, "end": { "line": 21, "column": 37 } },
      "6": { "start": { "line": 23, "column": 0 }, "end": { "line": 23, "column": 16 } },
      "7": { "start": { "line": 24, "column": 18 }, "end": { "line": 24, "column": 64 } },
      "8": { "start": { "line": 25, "column": 21 }, "end": { "line": 25, "column": 56 } },
      "9": { "start": { "line": 27, "column": 0 }, "end": { "line": 39, "column": 1 } },
      "10": { "start": { "line": 28, "column": 22 }, "end": { "line": 28, "column": 52 } },
      "11": { "start": { "line": 30, "column": 2 }, "end": { "line": 38, "column": 12 } },
      "12": { "start": { "line": 41, "column": 18 }, "end": { "line": 41, "column": 62 } },
      "13": { "start": { "line": 41, "column": 25 }, "end": { "line": 41, "column": 62 } },
      "14": { "start": { "line": 44, "column": 0 }, "end": { "line": 44, "column": 32 } },
      "15": { "start": { "line": 45, "column": 0 }, "end": { "line": 45, "column": 23 } },
      "16": { "start": { "line": 46, "column": 0 }, "end": { "line": 46, "column": 42 } },
      "17": { "start": { "line": 46, "column": 32 }, "end": { "line": 46, "column": 42 } },
      "18": { "start": { "line": 52, "column": 15 }, "end": { "line": 52, "column": 44 } },
      "19": { "start": { "line": 53, "column": 13 }, "end": { "line": 53, "column": 28 } },
      "20": { "start": { "line": 55, "column": 0 }, "end": { "line": 55, "column": 51 } },
      "21": { "start": { "line": 56, "column": 0 }, "end": { "line": 56, "column": 61 } },
      "22": { "start": { "line": 57, "column": 0 }, "end": { "line": 57, "column": 63 } },
      "23": { "start": { "line": 58, "column": 0 }, "end": { "line": 65, "column": 1 } },
      "24": { "start": { "line": 66, "column": 0 }, "end": { "line": 66, "column": 39 } },
      "25": { "start": { "line": 68, "column": 0 }, "end": { "line": 68, "column": 26 } },
      "26": { "start": { "line": 74, "column": 18 }, "end": { "line": 74, "column": 48 } },
      "27": { "start": { "line": 76, "column": 0 }, "end": { "line": 76, "column": 47 } },
      "28": { "start": { "line": 82, "column": 22 }, "end": { "line": 82, "column": 56 } },
      "29": { "start": { "line": 83, "column": 29 }, "end": { "line": 83, "column": 100 } },
      "30": { "start": { "line": 84, "column": 16 }, "end": { "line": 84, "column": 34 } },
      "31": { "start": { "line": 87, "column": 0 }, "end": { "line": 87, "column": 30 } },
      "32": { "start": { "line": 91, "column": 2 }, "end": { "line": 94, "column": 3 } },
      "33": { "start": { "line": 93, "column": 4 }, "end": { "line": 93, "column": 46 } },
      "34": { "start": { "line": 99, "column": 21 }, "end": { "line": 99, "column": 55 } },
      "35": { "start": { "line": 102, "column": 0 }, "end": { "line": 102, "column": 68 } },
      "36": { "start": { "line": 105, "column": 0 }, "end": { "line": 105, "column": 105 } },
      "37": { "start": { "line": 108, "column": 0 }, "end": { "line": 108, "column": 72 } },
      "38": { "start": { "line": 110, "column": 0 }, "end": { "line": 110, "column": 99 } },
      "39": { "start": { "line": 113, "column": 0 }, "end": { "line": 117, "column": 2 } },
      "40": { "start": { "line": 114, "column": 16 }, "end": { "line": 114, "column": 63 } },
      "41": { "start": { "line": 115, "column": 2 }, "end": { "line": 115, "column": 20 } },
      "42": { "start": { "line": 116, "column": 2 }, "end": { "line": 116, "column": 13 } },
      "43": { "start": { "line": 121, "column": 0 }, "end": { "line": 121, "column": 42 } },
      "44": { "start": { "line": 127, "column": 19 }, "end": { "line": 127, "column": 41 } },
      "45": { "start": { "line": 128, "column": 21 }, "end": { "line": 128, "column": 45 } },
      "46": { "start": { "line": 130, "column": 0 }, "end": { "line": 130, "column": 29 } },
      "47": { "start": { "line": 131, "column": 0 }, "end": { "line": 131, "column": 53 } },
      "48": { "start": { "line": 132, "column": 0 }, "end": { "line": 132, "column": 26 } },
      "49": { "start": { "line": 138, "column": 16 }, "end": { "line": 138, "column": 39 } },
      "50": { "start": { "line": 140, "column": 16 }, "end": { "line": 140, "column": 30 } },
      "51": { "start": { "line": 141, "column": 0 }, "end": { "line": 141, "column": 52 } },
      "52": { "start": { "line": 142, "column": 0 }, "end": { "line": 142, "column": 28 } },
      "53": { "start": { "line": 148, "column": 28 }, "end": { "line": 148, "column": 76 } },
      "54": { "start": { "line": 150, "column": 0 }, "end": { "line": 150, "column": 55 } },
      "55": { "start": { "line": 156, "column": 17 }, "end": { "line": 156, "column": 36 } },
      "56": { "start": { "line": 158, "column": 0 }, "end": { "line": 158, "column": 33 } },
      "57": { "start": { "line": 159, "column": 0 }, "end": { "line": 159, "column": 30 } },
      "58": { "start": { "line": 161, "column": 0 }, "end": { "line": 167, "column": 2 } },
      "59": { "start": { "line": 162, "column": 2 }, "end": { "line": 166, "column": 3 } },
      "60": { "start": { "line": 163, "column": 4 }, "end": { "line": 163, "column": 20 } },
      "61": { "start": { "line": 165, "column": 4 }, "end": { "line": 165, "column": 10 } },
      "62": { "start": { "line": 169, "column": 0 }, "end": { "line": 175, "column": 2 } },
      "63": { "start": { "line": 170, "column": 2 }, "end": { "line": 174, "column": 3 } },
      "64": { "start": { "line": 171, "column": 4 }, "end": { "line": 171, "column": 20 } },
      "65": { "start": { "line": 173, "column": 4 }, "end": { "line": 173, "column": 10 } },
      "66": { "start": { "line": 177, "column": 36 }, "end": { "line": 177, "column": 74 } },
      "67": { "start": { "line": 179, "column": 13 }, "end": { "line": 190, "column": 2 } },
      "68": { "start": { "line": 188, "column": 4 }, "end": { "line": 188, "column": 57 } },
      "69": { "start": { "line": 193, "column": 0 }, "end": { "line": 193, "column": 92 } },
      "70": { "start": { "line": 193, "column": 64 }, "end": { "line": 193, "column": 91 } },
      "71": { "start": { "line": 196, "column": 0 }, "end": { "line": 196, "column": 45 } },
      "72": { "start": { "line": 202, "column": 20 }, "end": { "line": 202, "column": 46 } },
      "73": { "start": { "line": 203, "column": 26 }, "end": { "line": 203, "column": 49 } },
      "74": { "start": { "line": 204, "column": 0 }, "end": { "line": 209, "column": 1 } },
      "75": { "start": { "line": 215, "column": 19 }, "end": { "line": 215, "column": 43 } },
      "76": { "start": { "line": 218, "column": 20 }, "end": { "line": 218, "column": 31 } },
      "77": { "start": { "line": 219, "column": 0 }, "end": { "line": 219, "column": 73 } },
      "78": { "start": { "line": 220, "column": 0 }, "end": { "line": 220, "column": 67 } },
      "79": { "start": { "line": 221, "column": 0 }, "end": { "line": 221, "column": 67 } },
      "80": { "start": { "line": 222, "column": 0 }, "end": { "line": 222, "column": 65 } },
      "81": { "start": { "line": 223, "column": 0 }, "end": { "line": 223, "column": 40 } },
      "82": { "start": { "line": 229, "column": 0 }, "end": { "line": 237, "column": 1 } },
      "83": { "start": { "line": 243, "column": 26 }, "end": { "line": 243, "column": 50 } },
      "84": { "start": { "line": 246, "column": 17 }, "end": { "line": 246, "column": 28 } },
      "85": { "start": { "line": 247, "column": 0 }, "end": { "line": 247, "column": 59 } },
      "86": { "start": { "line": 248, "column": 0 }, "end": { "line": 248, "column": 110 } },
      "87": { "start": { "line": 249, "column": 0 }, "end": { "line": 249, "column": 77 } },
      "88": { "start": { "line": 250, "column": 0 }, "end": { "line": 250, "column": 87 } },
      "89": { "start": { "line": 251, "column": 0 }, "end": { "line": 251, "column": 75 } },
      "90": { "start": { "line": 252, "column": 0 }, "end": { "line": 252, "column": 37 } },
      "91": { "start": { "line": 255, "column": 0 }, "end": { "line": 255, "column": 27 } },
      "92": { "start": { "line": 256, "column": 0 }, "end": { "line": 256, "column": 24 } },
      "93": { "start": { "line": 259, "column": 0 }, "end": { "line": 259, "column": 26 } }
    },
    "fnMap": {
      "0": {
        "name": "(anonymous_0)",
        "decl": { "start": { "line": 41, "column": 18 }, "end": { "line": 41, "column": 19 } },
        "loc": { "start": { "line": 41, "column": 25 }, "end": { "line": 41, "column": 62 } },
        "line": 41
      },
      "1": {
        "name": "(anonymous_1)",
        "decl": { "start": { "line": 46, "column": 26 }, "end": { "line": 46, "column": 27 } },
        "loc": { "start": { "line": 46, "column": 32 }, "end": { "line": 46, "column": 42 } },
        "line": 46
      },
      "2": {
        "name": "setCustomCacheControl",
        "decl": { "start": { "line": 90, "column": 9 }, "end": { "line": 90, "column": 30 } },
        "loc": { "start": { "line": 90, "column": 43 }, "end": { "line": 95, "column": 1 } },
        "line": 90
      },
      "3": {
        "name": "(anonymous_3)",
        "decl": { "start": { "line": 113, "column": 33 }, "end": { "line": 113, "column": 34 } },
        "loc": { "start": { "line": 113, "column": 53 }, "end": { "line": 117, "column": 1 } },
        "line": 113
      },
      "4": {
        "name": "(anonymous_4)",
        "decl": { "start": { "line": 161, "column": 23 }, "end": { "line": 161, "column": 24 } },
        "loc": { "start": { "line": 161, "column": 39 }, "end": { "line": 167, "column": 1 } },
        "line": 161
      },
      "5": {
        "name": "(anonymous_5)",
        "decl": { "start": { "line": 169, "column": 25 }, "end": { "line": 169, "column": 26 } },
        "loc": { "start": { "line": 169, "column": 41 }, "end": { "line": 175, "column": 1 } },
        "line": 169
      },
      "6": {
        "name": "(anonymous_6)",
        "decl": { "start": { "line": 186, "column": 14 }, "end": { "line": 186, "column": 15 } },
        "loc": { "start": { "line": 186, "column": 32 }, "end": { "line": 189, "column": 3 } },
        "line": 186
      },
      "7": {
        "name": "(anonymous_7)",
        "decl": { "start": { "line": 193, "column": 44 }, "end": { "line": 193, "column": 45 } },
        "loc": { "start": { "line": 193, "column": 64 }, "end": { "line": 193, "column": 91 } },
        "line": 193
      }
    },
    "branchMap": {
      "0": {
        "loc": { "start": { "line": 27, "column": 0 }, "end": { "line": 39, "column": 1 } },
        "type": "if",
        "locations": [
          { "start": { "line": 27, "column": 0 }, "end": { "line": 39, "column": 1 } },
          { "start": {}, "end": {} }
        ],
        "line": 27
      },
      "1": {
        "loc": { "start": { "line": 27, "column": 4 }, "end": { "line": 27, "column": 63 } },
        "type": "binary-expr",
        "locations": [
          { "start": { "line": 27, "column": 4 }, "end": { "line": 27, "column": 22 } },
          { "start": { "line": 27, "column": 26 }, "end": { "line": 27, "column": 63 } }
        ],
        "line": 27
      },
      "2": {
        "loc": { "start": { "line": 91, "column": 2 }, "end": { "line": 94, "column": 3 } },
        "type": "if",
        "locations": [
          { "start": { "line": 91, "column": 2 }, "end": { "line": 94, "column": 3 } },
          { "start": {}, "end": {} }
        ],
        "line": 91
      },
      "3": {
        "loc": { "start": { "line": 162, "column": 2 }, "end": { "line": 166, "column": 3 } },
        "type": "if",
        "locations": [
          { "start": { "line": 162, "column": 2 }, "end": { "line": 166, "column": 3 } },
          { "start": { "line": 164, "column": 9 }, "end": { "line": 166, "column": 3 } }
        ],
        "line": 162
      },
      "4": {
        "loc": { "start": { "line": 170, "column": 2 }, "end": { "line": 174, "column": 3 } },
        "type": "if",
        "locations": [
          { "start": { "line": 170, "column": 2 }, "end": { "line": 174, "column": 3 } },
          { "start": { "line": 172, "column": 9 }, "end": { "line": 174, "column": 3 } }
        ],
        "line": 170
      }
    },
    "s": {
      "0": 0,
      "1": 0,
      "2": 0,
      "3": 0,
      "4": 0,
      "5": 0,
      "6": 0,
      "7": 0,
      "8": 0,
      "9": 0,
      "10": 0,
      "11": 0,
      "12": 0,
      "13": 0,
      "14": 0,
      "15": 0,
      "16": 0,
      "17": 0,
      "18": 0,
      "19": 0,
      "20": 0,
      "21": 0,
      "22": 0,
      "23": 0,
      "24": 0,
      "25": 0,
      "26": 0,
      "27": 0,
      "28": 0,
      "29": 0,
      "30": 0,
      "31": 0,
      "32": 0,
      "33": 0,
      "34": 0,
      "35": 0,
      "36": 0,
      "37": 0,
      "38": 0,
      "39": 0,
      "40": 0,
      "41": 0,
      "42": 0,
      "43": 0,
      "44": 0,
      "45": 0,
      "46": 0,
      "47": 0,
      "48": 0,
      "49": 0,
      "50": 0,
      "51": 0,
      "52": 0,
      "53": 0,
      "54": 0,
      "55": 0,
      "56": 0,
      "57": 0,
      "58": 0,
      "59": 0,
      "60": 0,
      "61": 0,
      "62": 0,
      "63": 0,
      "64": 0,
      "65": 0,
      "66": 0,
      "67": 0,
      "68": 0,
      "69": 0,
      "70": 0,
      "71": 0,
      "72": 0,
      "73": 0,
      "74": 0,
      "75": 0,
      "76": 0,
      "77": 0,
      "78": 0,
      "79": 0,
      "80": 0,
      "81": 0,
      "82": 0,
      "83": 0,
      "84": 0,
      "85": 0,
      "86": 0,
      "87": 0,
      "88": 0,
      "89": 0,
      "90": 0,
      "91": 0,
      "92": 0,
      "93": 0
    },
    "f": { "0": 0, "1": 0, "2": 0, "3": 0, "4": 0, "5": 0, "6": 0, "7": 0 },
    "b": { "0": [0, 0], "1": [0, 0], "2": [0, 0], "3": [0, 0], "4": [0, 0] }
  },
  "/Users/ricf/git/node-web/server/controllers/adminCtrl.js": {
    "path": "/Users/ricf/git/node-web/server/controllers/adminCtrl.js",
    "statementMap": {
      "0": { "start": { "line": 5, "column": 12 }, "end": { "line": 5, "column": 31 } },
      "1": { "start": { "line": 6, "column": 17 }, "end": { "line": 6, "column": 65 } },
      "2": { "start": { "line": 9, "column": 12 }, "end": { "line": 9, "column": 29 } },
      "3": { "start": { "line": 10, "column": 21 }, "end": { "line": 10, "column": 55 } },
      "4": { "start": { "line": 12, "column": 35 }, "end": { "line": 12, "column": 74 } },
      "5": { "start": { "line": 15, "column": 2 }, "end": { "line": 63, "column": 3 } },
      "6": { "start": { "line": 16, "column": 17 }, "end": { "line": 16, "column": 42 } },
      "7": { "start": { "line": 17, "column": 21 }, "end": { "line": 17, "column": 24 } },
      "8": { "start": { "line": 19, "column": 52 }, "end": { "line": 19, "column": 76 } },
      "9": { "start": { "line": 21, "column": 23 }, "end": { "line": 31, "column": 5 } },
      "10": { "start": { "line": 33, "column": 27 }, "end": { "line": 33, "column": 56 } },
      "11": { "start": { "line": 35, "column": 25 }, "end": { "line": 37, "column": 5 } },
      "12": { "start": { "line": 38, "column": 32 }, "end": { "line": 38, "column": 72 } },
      "13": { "start": { "line": 39, "column": 33 }, "end": { "line": 39, "column": 61 } },
      "14": { "start": { "line": 41, "column": 17 }, "end": { "line": 46, "column": 6 } },
      "15": { "start": { "line": 47, "column": 4 }, "end": { "line": 47, "column": 65 } },
      "16": { "start": { "line": 49, "column": 4 }, "end": { "line": 59, "column": 6 } },
      "17": { "start": { "line": 61, "column": 4 }, "end": { "line": 61, "column": 55 } },
      "18": { "start": { "line": 62, "column": 4 }, "end": { "line": 62, "column": 13 } },
      "19": { "start": { "line": 66, "column": 0 }, "end": { "line": 68, "column": 1 } }
    },
    "fnMap": {
      "0": {
        "name": "getAdminIndex",
        "decl": { "start": { "line": 14, "column": 15 }, "end": { "line": 14, "column": 28 } },
        "loc": { "start": { "line": 14, "column": 45 }, "end": { "line": 64, "column": 1 } },
        "line": 14
      }
    },
    "branchMap": {
      "0": {
        "loc": { "start": { "line": 22, "column": 15 }, "end": { "line": 22, "column": 42 } },
        "type": "cond-expr",
        "locations": [
          { "start": { "line": 22, "column": 22 }, "end": { "line": 22, "column": 34 } },
          { "start": { "line": 22, "column": 37 }, "end": { "line": 22, "column": 42 } }
        ],
        "line": 22
      }
    },
    "s": {
      "0": 0,
      "1": 0,
      "2": 0,
      "3": 0,
      "4": 0,
      "5": 0,
      "6": 0,
      "7": 0,
      "8": 0,
      "9": 0,
      "10": 0,
      "11": 0,
      "12": 0,
      "13": 0,
      "14": 0,
      "15": 0,
      "16": 0,
      "17": 0,
      "18": 0,
      "19": 0
    },
    "f": { "0": 0 },
    "b": { "0": [0, 0] }
  },
  "/Users/ricf/git/node-web/server/controllers/index.js": {
    "path": "/Users/ricf/git/node-web/server/controllers/index.js",
    "statementMap": { "0": { "start": { "line": 8, "column": 0 }, "end": { "line": 12, "column": 1 } } },
    "fnMap": {},
    "branchMap": {},
    "s": { "0": 0 },
    "f": {},
    "b": {}
  },
  "/Users/ricf/git/node-web/server/controllers/sampleCtrl.js": {
    "path": "/Users/ricf/git/node-web/server/controllers/sampleCtrl.js",
    "statementMap": {
      "0": { "start": { "line": 5, "column": 12 }, "end": { "line": 5, "column": 31 } },
      "1": { "start": { "line": 6, "column": 17 }, "end": { "line": 6, "column": 65 } },
      "2": { "start": { "line": 9, "column": 12 }, "end": { "line": 9, "column": 29 } },
      "3": { "start": { "line": 10, "column": 21 }, "end": { "line": 10, "column": 55 } },
      "4": { "start": { "line": 12, "column": 35 }, "end": { "line": 12, "column": 74 } },
      "5": { "start": { "line": 15, "column": 2 }, "end": { "line": 58, "column": 3 } },
      "6": { "start": { "line": 16, "column": 17 }, "end": { "line": 16, "column": 42 } },
      "7": { "start": { "line": 17, "column": 21 }, "end": { "line": 17, "column": 24 } },
      "8": { "start": { "line": 19, "column": 52 }, "end": { "line": 19, "column": 76 } },
      "9": { "start": { "line": 21, "column": 23 }, "end": { "line": 31, "column": 5 } },
      "10": { "start": { "line": 33, "column": 27 }, "end": { "line": 33, "column": 56 } },
      "11": { "start": { "line": 35, "column": 33 }, "end": { "line": 35, "column": 61 } },
      "12": { "start": { "line": 37, "column": 17 }, "end": { "line": 42, "column": 6 } },
      "13": { "start": { "line": 43, "column": 4 }, "end": { "line": 43, "column": 65 } },
      "14": { "start": { "line": 45, "column": 4 }, "end": { "line": 54, "column": 6 } },
      "15": { "start": { "line": 56, "column": 4 }, "end": { "line": 56, "column": 50 } },
      "16": { "start": { "line": 57, "column": 4 }, "end": { "line": 57, "column": 13 } },
      "17": { "start": { "line": 61, "column": 0 }, "end": { "line": 63, "column": 1 } }
    },
    "fnMap": {
      "0": {
        "name": "getIndex",
        "decl": { "start": { "line": 14, "column": 15 }, "end": { "line": 14, "column": 23 } },
        "loc": { "start": { "line": 14, "column": 40 }, "end": { "line": 59, "column": 1 } },
        "line": 14
      }
    },
    "branchMap": {
      "0": {
        "loc": { "start": { "line": 22, "column": 15 }, "end": { "line": 22, "column": 42 } },
        "type": "cond-expr",
        "locations": [
          { "start": { "line": 22, "column": 22 }, "end": { "line": 22, "column": 34 } },
          { "start": { "line": 22, "column": 37 }, "end": { "line": 22, "column": 42 } }
        ],
        "line": 22
      }
    },
    "s": {
      "0": 0,
      "1": 0,
      "2": 0,
      "3": 0,
      "4": 0,
      "5": 0,
      "6": 0,
      "7": 0,
      "8": 0,
      "9": 0,
      "10": 0,
      "11": 0,
      "12": 0,
      "13": 0,
      "14": 0,
      "15": 0,
      "16": 0,
      "17": 0
    },
    "f": { "0": 0 },
    "b": { "0": [0, 0] }
  },
  "/Users/ricf/git/node-web/server/controllers/systemCtrl.js": {
    "path": "/Users/ricf/git/node-web/server/controllers/systemCtrl.js",
    "statementMap": {
      "0": { "start": { "line": 6, "column": 11 }, "end": { "line": 6, "column": 24 } },
      "1": { "start": { "line": 8, "column": 21 }, "end": { "line": 8, "column": 66 } },
      "2": { "start": { "line": 9, "column": 21 }, "end": { "line": 9, "column": 56 } },
      "3": { "start": { "line": 10, "column": 17 }, "end": { "line": 10, "column": 65 } },
      "4": { "start": { "line": 11, "column": 23 }, "end": { "line": 11, "column": 46 } },
      "5": { "start": { "line": 12, "column": 12 }, "end": { "line": 12, "column": 31 } },
      "6": { "start": { "line": 13, "column": 14 }, "end": { "line": 13, "column": 39 } },
      "7": { "start": { "line": 14, "column": 16 }, "end": { "line": 14, "column": 47 } },
      "8": { "start": { "line": 15, "column": 13 }, "end": { "line": 15, "column": 34 } },
      "9": { "start": { "line": 16, "column": 20 }, "end": { "line": 16, "column": 49 } },
      "10": { "start": { "line": 18, "column": 12 }, "end": { "line": 18, "column": 29 } },
      "11": { "start": { "line": 19, "column": 27 }, "end": { "line": 19, "column": 54 } },
      "12": { "start": { "line": 25, "column": 2 }, "end": { "line": 25, "column": 41 } },
      "13": { "start": { "line": 32, "column": 15 }, "end": { "line": 32, "column": 33 } },
      "14": { "start": { "line": 33, "column": 16 }, "end": { "line": 33, "column": 44 } },
      "15": { "start": { "line": 34, "column": 14 }, "end": { "line": 34, "column": 37 } },
      "16": { "start": { "line": 35, "column": 16 }, "end": { "line": 35, "column": 40 } },
      "17": { "start": { "line": 36, "column": 18 }, "end": { "line": 36, "column": 44 } },
      "18": { "start": { "line": 37, "column": 18 }, "end": { "line": 37, "column": 44 } },
      "19": { "start": { "line": 38, "column": 25 }, "end": { "line": 38, "column": 55 } },
      "20": { "start": { "line": 39, "column": 19 }, "end": { "line": 39, "column": 66 } },
      "21": { "start": { "line": 40, "column": 2 }, "end": { "line": 40, "column": 76 } },
      "22": { "start": { "line": 43, "column": 16 }, "end": { "line": 43, "column": 39 } },
      "23": { "start": { "line": 50, "column": 14 }, "end": { "line": 50, "column": 56 } },
      "24": { "start": { "line": 51, "column": 2 }, "end": { "line": 51, "column": 18 } },
      "25": { "start": { "line": 52, "column": 2 }, "end": { "line": 52, "column": 11 } },
      "26": { "start": { "line": 58, "column": 21 }, "end": { "line": 58, "column": 56 } },
      "27": { "start": { "line": 59, "column": 17 }, "end": { "line": 59, "column": 52 } },
      "28": { "start": { "line": 60, "column": 15 }, "end": { "line": 60, "column": 40 } },
      "29": { "start": { "line": 63, "column": 2 }, "end": { "line": 63, "column": 77 } },
      "30": { "start": { "line": 70, "column": 31 }, "end": { "line": 70, "column": 53 } },
      "31": { "start": { "line": 71, "column": 16 }, "end": { "line": 71, "column": 26 } },
      "32": { "start": { "line": 73, "column": 2 }, "end": { "line": 94, "column": 4 } },
      "33": { "start": { "line": 101, "column": 2 }, "end": { "line": 131, "column": 3 } },
      "34": { "start": { "line": 102, "column": 22 }, "end": { "line": 102, "column": 36 } },
      "35": { "start": { "line": 103, "column": 4 }, "end": { "line": 127, "column": 6 } },
      "36": { "start": { "line": 105, "column": 42 }, "end": { "line": 109, "column": 11 } },
      "37": { "start": { "line": 129, "column": 4 }, "end": { "line": 129, "column": 38 } },
      "38": { "start": { "line": 130, "column": 4 }, "end": { "line": 130, "column": 25 } },
      "39": { "start": { "line": 138, "column": 2 }, "end": { "line": 138, "column": 42 } },
      "40": { "start": { "line": 145, "column": 2 }, "end": { "line": 145, "column": 22 } },
      "41": { "start": { "line": 154, "column": 0 }, "end": { "line": 161, "column": 1 } }
    },
    "fnMap": {
      "0": {
        "name": "zeroPad",
        "decl": { "start": { "line": 24, "column": 9 }, "end": { "line": 24, "column": 16 } },
        "loc": { "start": { "line": 24, "column": 24 }, "end": { "line": 26, "column": 1 } },
        "line": 24
      },
      "1": {
        "name": "_simpleDate",
        "decl": { "start": { "line": 31, "column": 9 }, "end": { "line": 31, "column": 20 } },
        "loc": { "start": { "line": 31, "column": 27 }, "end": { "line": 41, "column": 1 } },
        "line": 31
      },
      "2": {
        "name": "_notFound",
        "decl": { "start": { "line": 49, "column": 9 }, "end": { "line": 49, "column": 18 } },
        "loc": { "start": { "line": 49, "column": 35 }, "end": { "line": 53, "column": 1 } },
        "line": 49
      },
      "3": {
        "name": "_final",
        "decl": { "start": { "line": 57, "column": 9 }, "end": { "line": 57, "column": 15 } },
        "loc": { "start": { "line": 57, "column": 37 }, "end": { "line": 64, "column": 1 } },
        "line": 57
      },
      "4": {
        "name": "_about",
        "decl": { "start": { "line": 69, "column": 9 }, "end": { "line": 69, "column": 15 } },
        "loc": { "start": { "line": 69, "column": 26 }, "end": { "line": 95, "column": 1 } },
        "line": 69
      },
      "5": {
        "name": "_monitor",
        "decl": { "start": { "line": 100, "column": 15 }, "end": { "line": 100, "column": 23 } },
        "loc": { "start": { "line": 100, "column": 34 }, "end": { "line": 132, "column": 1 } },
        "line": 100
      },
      "6": {
        "name": "(anonymous_6)",
        "decl": { "start": { "line": 105, "column": 31 }, "end": { "line": 105, "column": 32 } },
        "loc": { "start": { "line": 105, "column": 42 }, "end": { "line": 109, "column": 11 } },
        "line": 105
      },
      "7": {
        "name": "_robotsTxt",
        "decl": { "start": { "line": 137, "column": 9 }, "end": { "line": 137, "column": 19 } },
        "loc": { "start": { "line": 137, "column": 30 }, "end": { "line": 139, "column": 1 } },
        "line": 137
      },
      "8": {
        "name": "_paths",
        "decl": { "start": { "line": 144, "column": 9 }, "end": { "line": 144, "column": 15 } },
        "loc": { "start": { "line": 144, "column": 26 }, "end": { "line": 146, "column": 1 } },
        "line": 144
      }
    },
    "branchMap": {
      "0": {
        "loc": { "start": { "line": 25, "column": 9 }, "end": { "line": 25, "column": 41 } },
        "type": "cond-expr",
        "locations": [
          { "start": { "line": 25, "column": 22 }, "end": { "line": 25, "column": 33 } },
          { "start": { "line": 25, "column": 36 }, "end": { "line": 25, "column": 41 } }
        ],
        "line": 25
      },
      "1": {
        "loc": { "start": { "line": 39, "column": 19 }, "end": { "line": 39, "column": 66 } },
        "type": "binary-expr",
        "locations": [
          { "start": { "line": 39, "column": 19 }, "end": { "line": 39, "column": 60 } },
          { "start": { "line": 39, "column": 64 }, "end": { "line": 39, "column": 66 } }
        ],
        "line": 39
      },
      "2": {
        "loc": { "start": { "line": 58, "column": 21 }, "end": { "line": 58, "column": 56 } },
        "type": "binary-expr",
        "locations": [
          { "start": { "line": 58, "column": 21 }, "end": { "line": 58, "column": 31 } },
          { "start": { "line": 58, "column": 35 }, "end": { "line": 58, "column": 49 } },
          { "start": { "line": 58, "column": 53 }, "end": { "line": 58, "column": 56 } }
        ],
        "line": 58
      },
      "3": {
        "loc": { "start": { "line": 85, "column": 22 }, "end": { "line": 87, "column": 48 } },
        "type": "cond-expr",
        "locations": [
          { "start": { "line": 86, "column": 8 }, "end": { "line": 86, "column": 72 } },
          { "start": { "line": 87, "column": 8 }, "end": { "line": 87, "column": 48 } }
        ],
        "line": 85
      },
      "4": {
        "loc": { "start": { "line": 104, "column": 10 }, "end": { "line": 110, "column": 12 } },
        "type": "cond-expr",
        "locations": [
          { "start": { "line": 105, "column": 10 }, "end": { "line": 109, "column": 13 } },
          { "start": { "line": 110, "column": 10 }, "end": { "line": 110, "column": 12 } }
        ],
        "line": 104
      }
    },
    "s": {
      "0": 4,
      "1": 4,
      "2": 4,
      "3": 4,
      "4": 4,
      "5": 4,
      "6": 4,
      "7": 4,
      "8": 4,
      "9": 4,
      "10": 4,
      "11": 4,
      "12": 25,
      "13": 5,
      "14": 5,
      "15": 5,
      "16": 5,
      "17": 5,
      "18": 5,
      "19": 5,
      "20": 5,
      "21": 5,
      "22": 4,
      "23": 0,
      "24": 0,
      "25": 0,
      "26": 0,
      "27": 0,
      "28": 0,
      "29": 0,
      "30": 1,
      "31": 1,
      "32": 1,
      "33": 1,
      "34": 1,
      "35": 1,
      "36": 0,
      "37": 0,
      "38": 0,
      "39": 1,
      "40": 1,
      "41": 4
    },
    "f": { "0": 25, "1": 5, "2": 0, "3": 0, "4": 1, "5": 1, "6": 0, "7": 1, "8": 1 },
    "b": { "0": [12, 13], "1": [5, 1], "2": [0, 0, 0], "3": [1, 0], "4": [1, 0] },
    "_coverageSchema": "1a1c01bbd47fc00a2c39e90264f33305004495a9",
    "hash": "5d15a29835eba25c268cc440de9f23d9f722b4f7"
  },
  "/Users/ricf/git/node-web/server/utils/serverSideRendering.js": {
    "path": "/Users/ricf/git/node-web/server/utils/serverSideRendering.js",
    "statementMap": {
      "0": { "start": { "line": 5, "column": 0 }, "end": { "line": 5, "column": 43 } },
      "1": { "start": { "line": 7, "column": 59 }, "end": { "line": 7, "column": 63 } },
      "2": { "start": { "line": 14, "column": 2 }, "end": { "line": 19, "column": 3 } },
      "3": { "start": { "line": 17, "column": 30 }, "end": { "line": 17, "column": 67 } },
      "4": { "start": { "line": 18, "column": 4 }, "end": { "line": 18, "column": 28 } },
      "5": { "start": { "line": 21, "column": 2 }, "end": { "line": 35, "column": 3 } },
      "6": { "start": { "line": 22, "column": 4 }, "end": { "line": 24, "column": 5 } },
      "7": { "start": { "line": 23, "column": 6 }, "end": { "line": 23, "column": 65 } },
      "8": { "start": { "line": 28, "column": 33 }, "end": { "line": 28, "column": 70 } },
      "9": { "start": { "line": 29, "column": 4 }, "end": { "line": 29, "column": 31 } },
      "10": { "start": { "line": 31, "column": 4 }, "end": { "line": 33, "column": 5 } },
      "11": { "start": { "line": 32, "column": 6 }, "end": { "line": 32, "column": 105 } },
      "12": { "start": { "line": 34, "column": 4 }, "end": { "line": 34, "column": 15 } }
    },
    "fnMap": {
      "0": {
        "name": "getServerSideFunctions",
        "decl": { "start": { "line": 13, "column": 9 }, "end": { "line": 13, "column": 31 } },
        "loc": { "start": { "line": 13, "column": 34 }, "end": { "line": 36, "column": 1 } },
        "line": 13
      }
    },
    "branchMap": {
      "0": {
        "loc": { "start": { "line": 14, "column": 2 }, "end": { "line": 19, "column": 3 } },
        "type": "if",
        "locations": [
          { "start": { "line": 14, "column": 2 }, "end": { "line": 19, "column": 3 } },
          { "start": {}, "end": {} }
        ],
        "line": 14
      },
      "1": {
        "loc": { "start": { "line": 22, "column": 4 }, "end": { "line": 24, "column": 5 } },
        "type": "if",
        "locations": [
          { "start": { "line": 22, "column": 4 }, "end": { "line": 24, "column": 5 } },
          { "start": {}, "end": {} }
        ],
        "line": 22
      },
      "2": {
        "loc": { "start": { "line": 31, "column": 4 }, "end": { "line": 33, "column": 5 } },
        "type": "if",
        "locations": [
          { "start": { "line": 31, "column": 4 }, "end": { "line": 33, "column": 5 } },
          { "start": {}, "end": {} }
        ],
        "line": 31
      }
    },
    "s": { "0": 0, "1": 0, "2": 0, "3": 0, "4": 0, "5": 0, "6": 0, "7": 0, "8": 0, "9": 0, "10": 0, "11": 0, "12": 0 },
    "f": { "0": 0 },
    "b": { "0": [0, 0], "1": [0, 0], "2": [0, 0] }
  },
  "/Users/ricf/git/node-web/server/views/helpers/index.js": {
    "path": "/Users/ricf/git/node-web/server/views/helpers/index.js",
    "statementMap": {
      "0": { "start": { "line": 3, "column": 36 }, "end": { "line": 3, "column": 108 } },
      "1": { "start": { "line": 4, "column": 12 }, "end": { "line": 4, "column": 31 } },
      "2": { "start": { "line": 5, "column": 15 }, "end": { "line": 5, "column": 52 } },
      "3": { "start": { "line": 6, "column": 20 }, "end": { "line": 6, "column": 52 } },
      "4": { "start": { "line": 8, "column": 18 }, "end": { "line": 8, "column": 29 } },
      "5": { "start": { "line": 10, "column": 0 }, "end": { "line": 15, "column": 1 } },
      "6": { "start": { "line": 11, "column": 23 }, "end": { "line": 11, "column": 57 } },
      "7": { "start": { "line": 12, "column": 2 }, "end": { "line": 12, "column": 53 } },
      "8": { "start": { "line": 14, "column": 2 }, "end": { "line": 14, "column": 24 } },
      "9": { "start": { "line": 27, "column": 0 }, "end": { "line": 30, "column": 2 } },
      "10": { "start": { "line": 37, "column": 0 }, "end": { "line": 42, "column": 1 } },
      "11": { "start": { "line": 43, "column": 0 }, "end": { "line": 43, "column": 70 } },
      "12": { "start": { "line": 45, "column": 13 }, "end": { "line": 45, "column": 37 } },
      "13": { "start": { "line": 46, "column": 0 }, "end": { "line": 46, "column": 81 } },
      "14": { "start": { "line": 47, "column": 0 }, "end": { "line": 47, "column": 63 } }
    },
    "fnMap": {},
    "branchMap": {},
    "s": {
      "0": 0,
      "1": 0,
      "2": 0,
      "3": 0,
      "4": 0,
      "5": 0,
      "6": 0,
      "7": 0,
      "8": 0,
      "9": 0,
      "10": 0,
      "11": 0,
      "12": 0,
      "13": 0,
      "14": 0
    },
    "f": {},
    "b": {}
  }
}
