TN:
SF:public/js/vendor.js
FNF:0
FNH:0
LF:0
LH:0
BRF:0
BRH:0
end_of_record
TN:
SF:public/js/app/app.jsx
FN:23,_renderOnClientSide
FN:43,appFactory
FNF:2
FNH:0
FNDA:0,_renderOnClientSide
FNDA:0,appFactory
DA:21,0
DA:24,0
DA:25,0
DA:26,0
DA:29,0
DA:30,0
DA:32,0
DA:33,0
DA:35,0
DA:37,0
DA:39,0
DA:40,0
DA:44,0
LF:13
LH:0
BRDA:25,0,0,0
BRDA:25,0,1,0
BRF:2
BRH:0
end_of_record
TN:
SF:public/js/app/ssr-app.js
FN:15,_getServerSideFunctions
FN:17,(anonymous_1)
FN:21,(anonymous_2)
FNF:3
FNH:0
FNDA:0,_getServerSideFunctions
FNDA:0,(anonymous_1)
FNDA:0,(anonymous_2)
DA:16,0
DA:18,0
DA:19,0
DA:23,0
DA:28,0
LF:5
LH:0
BRF:0
BRH:0
end_of_record
TN:
SF:public/js/app/components/Button.jsx
FN:5,Button
FN:10,(anonymous_1)
FNF:2
FNH:2
FNDA:6,Button
FNDA:3,(anonymous_1)
DA:6,6
DA:7,6
DA:8,6
DA:10,3
LF:4
LH:4
BRDA:5,0,0,0
BRDA:5,1,0,6
BRDA:5,2,0,6
BRDA:7,3,0,6
BRDA:7,3,1,6
BRDA:13,4,0,3
BRDA:13,4,1,3
BRF:7
BRH:6
end_of_record
TN:
SF:public/js/app/context/AdminContext.jsx
FN:8,(anonymous_0)
FN:27,useAdminContext
FNF:2
FNH:0
FNDA:0,(anonymous_0)
FNDA:0,useAdminContext
DA:3,0
DA:4,0
DA:8,0
DA:9,0
DA:10,0
DA:11,0
DA:12,0
DA:13,0
DA:14,0
DA:16,0
DA:21,0
DA:22,0
DA:24,0
DA:28,0
DA:29,0
DA:30,0
DA:32,0
LF:17
LH:0
BRDA:9,0,0,0
BRDA:12,1,0,0
BRDA:12,1,1,0
BRDA:13,2,0,0
BRDA:13,2,1,0
BRDA:29,3,0,0
BRDA:29,3,1,0
BRF:7
BRH:0
end_of_record
TN:
SF:public/js/app/context/WebContext.jsx
FN:15,(anonymous_0)
FN:34,useWebContext
FNF:2
FNH:0
FNDA:0,(anonymous_0)
FNDA:0,useWebContext
DA:3,0
DA:4,0
DA:15,0
DA:16,0
DA:17,0
DA:18,0
DA:19,0
DA:20,0
DA:21,0
DA:23,0
DA:28,0
DA:29,0
DA:31,0
DA:35,0
DA:36,0
DA:37,0
DA:39,0
LF:17
LH:0
BRDA:16,0,0,0
BRDA:19,1,0,0
BRDA:19,1,1,0
BRDA:20,2,0,0
BRDA:20,2,1,0
BRDA:36,3,0,0
BRDA:36,3,1,0
BRF:7
BRH:0
end_of_record
TN:
SF:public/js/app/context/compress.js
FN:13,compressData
FN:32,uncompressData
FN:55,(anonymous_2)
FNF:3
FNH:0
FNDA:0,compressData
FNDA:0,uncompressData
FNDA:0,(anonymous_2)
DA:14,0
DA:16,0
DA:17,0
DA:33,0
DA:34,0
DA:36,0
DA:37,0
DA:40,0
DA:41,0
DA:42,0
DA:43,0
DA:46,0
DA:47,0
DA:48,0
DA:50,0
DA:51,0
DA:54,0
DA:55,0
DA:57,0
DA:59,0
LF:20
LH:0
BRDA:13,0,0,0
BRDA:32,1,0,0
BRDA:34,2,0,0
BRDA:34,2,1,0
BRDA:41,3,0,0
BRDA:41,3,1,0
BRDA:42,4,0,0
BRDA:42,4,1,0
BRDA:47,5,0,0
BRDA:47,5,1,0
BRDA:48,6,0,0
BRDA:48,6,1,0
BRF:12
BRH:0
end_of_record
TN:
SF:public/js/app/pages/AdminStart.jsx
FN:8,(anonymous_0)
FNF:1
FNH:0
FNDA:0,(anonymous_0)
DA:8,0
DA:9,0
DA:10,0
DA:12,0
DA:13,0
DA:15,0
LF:6
LH:0
BRDA:13,0,0,0
BRF:1
BRH:0
end_of_record
TN:
SF:public/js/app/pages/Simple.jsx
FN:7,(anonymous_0)
FNF:1
FNH:0
FNDA:0,(anonymous_0)
DA:7,0
DA:8,0
DA:9,0
DA:10,0
LF:4
LH:0
BRF:0
BRH:0
end_of_record
TN:
SF:public/js/app/pages/Start.jsx
FN:9,(anonymous_0)
FN:13,(anonymous_1)
FNF:2
FNH:0
FNDA:0,(anonymous_0)
FNDA:0,(anonymous_1)
DA:9,0
DA:10,0
DA:11,0
DA:13,0
DA:14,0
DA:15,0
DA:18,0
LF:7
LH:0
BRDA:11,0,0,0
BRF:1
BRH:0
end_of_record
TN:
SF:public/js/app/util/pathUtil.js
FN:1,_addParamToPath
FNF:1
FNH:0
FNDA:0,_addParamToPath
DA:2,0
DA:3,0
DA:6,0
LF:3
LH:0
BRF:0
BRH:0
end_of_record
TN:
SF:server/api.js
FNF:0
FNH:0
DA:3,4
DA:4,4
DA:5,4
DA:6,4
DA:8,4
DA:16,4
LF:6
LH:6
BRF:0
BRH:0
end_of_record
TN:
SF:server/configuration.js
FNF:0
FNH:0
DA:3,0
DA:6,0
DA:8,0
DA:11,0
DA:13,0
LF:5
LH:0
BRF:0
BRH:0
end_of_record
TN:
SF:server/server.js
FN:41,(anonymous_0)
FN:46,(anonymous_1)
FN:90,setCustomCacheControl
FN:113,(anonymous_3)
FN:161,(anonymous_4)
FN:169,(anonymous_5)
FN:186,(anonymous_6)
FN:193,(anonymous_7)
FNF:8
FNH:0
FNDA:0,(anonymous_0)
FNDA:0,(anonymous_1)
FNDA:0,setCustomCacheControl
FNDA:0,(anonymous_3)
FNDA:0,(anonymous_4)
FNDA:0,(anonymous_5)
FNDA:0,(anonymous_6)
FNDA:0,(anonymous_7)
DA:4,0
DA:10,0
DA:12,0
DA:14,0
DA:19,0
DA:21,0
DA:23,0
DA:24,0
DA:25,0
DA:27,0
DA:28,0
DA:30,0
DA:41,0
DA:44,0
DA:45,0
DA:46,0
DA:52,0
DA:53,0
DA:55,0
DA:56,0
DA:57,0
DA:58,0
DA:66,0
DA:68,0
DA:74,0
DA:76,0
DA:82,0
DA:83,0
DA:84,0
DA:87,0
DA:91,0
DA:93,0
DA:99,0
DA:102,0
DA:105,0
DA:108,0
DA:110,0
DA:113,0
DA:114,0
DA:115,0
DA:116,0
DA:121,0
DA:127,0
DA:128,0
DA:130,0
DA:131,0
DA:132,0
DA:138,0
DA:140,0
DA:141,0
DA:142,0
DA:148,0
DA:150,0
DA:156,0
DA:158,0
DA:159,0
DA:161,0
DA:162,0
DA:163,0
DA:165,0
DA:169,0
DA:170,0
DA:171,0
DA:173,0
DA:177,0
DA:179,0
DA:188,0
DA:193,0
DA:196,0
DA:202,0
DA:203,0
DA:204,0
DA:215,0
DA:218,0
DA:219,0
DA:220,0
DA:221,0
DA:222,0
DA:223,0
DA:229,0
DA:243,0
DA:246,0
DA:247,0
DA:248,0
DA:249,0
DA:250,0
DA:251,0
DA:252,0
DA:255,0
DA:256,0
DA:259,0
LF:91
LH:0
BRDA:27,0,0,0
BRDA:27,0,1,0
BRDA:27,1,0,0
BRDA:27,1,1,0
BRDA:91,2,0,0
BRDA:91,2,1,0
BRDA:162,3,0,0
BRDA:162,3,1,0
BRDA:170,4,0,0
BRDA:170,4,1,0
BRF:10
BRH:0
end_of_record
TN:
SF:server/controllers/adminCtrl.js
FN:14,getAdminIndex
FNF:1
FNH:0
FNDA:0,getAdminIndex
DA:5,0
DA:6,0
DA:9,0
DA:10,0
DA:12,0
DA:15,0
DA:16,0
DA:17,0
DA:19,0
DA:21,0
DA:33,0
DA:35,0
DA:38,0
DA:39,0
DA:41,0
DA:47,0
DA:49,0
DA:61,0
DA:62,0
DA:66,0
LF:20
LH:0
BRDA:22,0,0,0
BRDA:22,0,1,0
BRF:2
BRH:0
end_of_record
TN:
SF:server/controllers/index.js
FNF:0
FNH:0
DA:8,0
LF:1
LH:0
BRF:0
BRH:0
end_of_record
TN:
SF:server/controllers/sampleCtrl.js
FN:14,getIndex
FNF:1
FNH:0
FNDA:0,getIndex
DA:5,0
DA:6,0
DA:9,0
DA:10,0
DA:12,0
DA:15,0
DA:16,0
DA:17,0
DA:19,0
DA:21,0
DA:33,0
DA:35,0
DA:37,0
DA:43,0
DA:45,0
DA:56,0
DA:57,0
DA:61,0
LF:18
LH:0
BRDA:22,0,0,0
BRDA:22,0,1,0
BRF:2
BRH:0
end_of_record
TN:
SF:server/controllers/systemCtrl.js
FN:24,zeroPad
FN:31,_simpleDate
FN:49,_notFound
FN:57,_final
FN:69,_about
FN:100,_monitor
FN:105,(anonymous_6)
FN:137,_robotsTxt
FN:144,_paths
FNF:9
FNH:6
FNDA:25,zeroPad
FNDA:5,_simpleDate
FNDA:0,_notFound
FNDA:0,_final
FNDA:1,_about
FNDA:1,_monitor
FNDA:0,(anonymous_6)
FNDA:1,_robotsTxt
FNDA:1,_paths
DA:6,4
DA:8,4
DA:9,4
DA:10,4
DA:11,4
DA:12,4
DA:13,4
DA:14,4
DA:15,4
DA:16,4
DA:18,4
DA:19,4
DA:25,25
DA:32,5
DA:33,5
DA:34,5
DA:35,5
DA:36,5
DA:37,5
DA:38,5
DA:39,5
DA:40,5
DA:43,4
DA:50,0
DA:51,0
DA:52,0
DA:58,0
DA:59,0
DA:60,0
DA:63,0
DA:70,1
DA:71,1
DA:73,1
DA:101,1
DA:102,1
DA:103,1
DA:105,0
DA:129,0
DA:130,0
DA:138,1
DA:145,1
DA:154,4
LF:42
LH:32
BRDA:25,0,0,12
BRDA:25,0,1,13
BRDA:39,1,0,5
BRDA:39,1,1,1
BRDA:58,2,0,0
BRDA:58,2,1,0
BRDA:58,2,2,0
BRDA:85,3,0,1
BRDA:85,3,1,0
BRDA:104,4,0,1
BRDA:104,4,1,0
BRF:11
BRH:6
end_of_record
TN:
SF:server/utils/serverSideRendering.js
FN:13,getServerSideFunctions
FNF:1
FNH:0
FNDA:0,getServerSideFunctions
DA:5,0
DA:7,0
DA:14,0
DA:17,0
DA:18,0
DA:21,0
DA:22,0
DA:23,0
DA:28,0
DA:29,0
DA:31,0
DA:32,0
DA:34,0
LF:13
LH:0
BRDA:14,0,0,0
BRDA:14,0,1,0
BRDA:22,1,0,0
BRDA:22,1,1,0
BRDA:31,2,0,0
BRDA:31,2,1,0
BRF:6
BRH:0
end_of_record
TN:
SF:server/views/helpers/index.js
FNF:0
FNH:0
DA:3,0
DA:4,0
DA:5,0
DA:6,0
DA:8,0
DA:10,0
DA:11,0
DA:12,0
DA:14,0
DA:27,0
DA:37,0
DA:43,0
DA:45,0
DA:46,0
DA:47,0
LF:15
LH:0
BRF:0
BRH:0
end_of_record
